<html>
<head>
<title>TestNG:  Surefire test</title>
<link href="../testng.css" rel="stylesheet" type="text/css" />
<link href="../my-testng.css" rel="stylesheet" type="text/css" />

<style type="text/css">
.log { display: none;} 
.stack-trace { display: none;} 
</style>
<script type="text/javascript">
<!--
function flip(e) {
  current = e.style.display;
  if (current == 'block') {
    e.style.display = 'none';
    return 0;
  }
  else {
    e.style.display = 'block';
    return 1;
  }
}

function toggleBox(szDivId, elem, msg1, msg2)
{
  var res = -1;  if (document.getElementById) {
    res = flip(document.getElementById(szDivId));
  }
  else if (document.all) {
    // this is the way old msie versions work
    res = flip(document.all[szDivId]);
  }
  if(elem) {
    if(res == 0) elem.innerHTML = msg1; else elem.innerHTML = msg2;
  }

}

function toggleAllBoxes() {
  if (document.getElementsByTagName) {
    d = document.getElementsByTagName('div');
    for (i = 0; i < d.length; i++) {
      if (d[i].className == 'log') {
        flip(d[i]);
      }
    }
  }
}

// -->
</script>

</head>
<body>
<h2 align='center'>Surefire test</h2><table border='1' align="center">
<tr>
<td>Tests passed/Failed/Skipped:</td><td>27/5/0</td>
</tr><tr>
<td>Started on:</td><td>Tue Mar 05 19:12:14 IST 2024</td>
</tr>
<tr><td>Total time:</td><td>54 seconds (54248 ms)</td>
</tr><tr>
<td>Included groups:</td><td></td>
</tr><tr>
<td>Excluded groups:</td><td></td>
</tr>
</table><p/>
<small><i>(Hover the method name to see the test class name)</i></small><p/>
<table width='100%' border='1' class='invocation-failed'>
<tr><td colspan='4' align='center'><b>FAILED TESTS</b></td></tr>
<tr><td><b>Test method</b></td>
<td><b>Attribute(s)</b></td>
<td width="30%"><b>Exception</b></td>
<td width="10%"><b>Time (seconds)</b></td>
<td><b>Instance</b></td>
</tr>
<tr>
<td title='com.example.testclasses.UserClass.updateUserByUserId()'><b>updateUserByUserId</b><br>Test class: com.example.testclasses.UserClass</td>
<td><div><pre>java.lang.AssertionError: 
Expected: &quot;TestUser.exactink@gmail.com&quot;
     but: was &quot;testuser.exactink@gmail.com&quot;
	at org.hamcrest.MatcherAssert.assertThat(MatcherAssert.java:20)
	at org.hamcrest.MatcherAssert.assertThat(MatcherAssert.java:6)
	at com.example.testclasses.UserClass.updateUserByUserId(UserClass.java:275)
	at java.base/java.util.ArrayList.forEach(ArrayList.java:1511)
... Removed 32 stack frames</pre></div><a href='#' onClick='toggleBox("stack-trace172198129", this, "Click to show all stack frames", "Click to hide stack frames")'>Click to show all stack frames</a>
<div class='stack-trace' id='stack-trace172198129'><pre>java.lang.AssertionError: 
Expected: &quot;TestUser.exactink@gmail.com&quot;
     but: was &quot;testuser.exactink@gmail.com&quot;
	at org.hamcrest.MatcherAssert.assertThat(MatcherAssert.java:20)
	at org.hamcrest.MatcherAssert.assertThat(MatcherAssert.java:6)
	at com.example.testclasses.UserClass.updateUserByUserId(UserClass.java:275)
	at java.base/jdk.internal.reflect.NativeMethodAccessorImpl.invoke0(Native Method)
	at java.base/jdk.internal.reflect.NativeMethodAccessorImpl.invoke(NativeMethodAccessorImpl.java:77)
	at java.base/jdk.internal.reflect.DelegatingMethodAccessorImpl.invoke(DelegatingMethodAccessorImpl.java:43)
	at java.base/java.lang.reflect.Method.invoke(Method.java:568)
	at org.testng.internal.invokers.MethodInvocationHelper.invokeMethod(MethodInvocationHelper.java:139)
	at org.testng.internal.invokers.TestInvoker.invokeMethod(TestInvoker.java:664)
	at org.testng.internal.invokers.TestInvoker.invokeTestMethod(TestInvoker.java:228)
	at org.testng.internal.invokers.MethodRunner.runInSequence(MethodRunner.java:63)
	at org.testng.internal.invokers.TestInvoker$MethodInvocationAgent.invoke(TestInvoker.java:961)
	at org.testng.internal.invokers.TestInvoker.invokeTestMethods(TestInvoker.java:201)
	at org.testng.internal.invokers.TestMethodWorker.invokeTestMethods(TestMethodWorker.java:148)
	at org.testng.internal.invokers.TestMethodWorker.run(TestMethodWorker.java:128)
	at java.base/java.util.ArrayList.forEach(ArrayList.java:1511)
	at org.testng.TestRunner.privateRun(TestRunner.java:819)
	at org.testng.TestRunner.run(TestRunner.java:619)
	at org.testng.SuiteRunner.runTest(SuiteRunner.java:443)
	at org.testng.SuiteRunner.runSequentially(SuiteRunner.java:437)
	at org.testng.SuiteRunner.privateRun(SuiteRunner.java:397)
	at org.testng.SuiteRunner.run(SuiteRunner.java:336)
	at org.testng.SuiteRunnerWorker.runSuite(SuiteRunnerWorker.java:52)
	at org.testng.SuiteRunnerWorker.run(SuiteRunnerWorker.java:95)
	at org.testng.TestNG.runSuitesSequentially(TestNG.java:1301)
	at org.testng.TestNG.runSuitesLocally(TestNG.java:1228)
	at org.testng.TestNG.runSuites(TestNG.java:1134)
	at org.testng.TestNG.run(TestNG.java:1101)
	at org.apache.maven.surefire.testng.TestNGExecutor.run(TestNGExecutor.java:155)
	at org.apache.maven.surefire.testng.TestNGDirectoryTestSuite.executeSingleClass(TestNGDirectoryTestSuite.java:102)
	at org.apache.maven.surefire.testng.TestNGDirectoryTestSuite.execute(TestNGDirectoryTestSuite.java:91)
	at org.apache.maven.surefire.testng.TestNGProvider.invoke(TestNGProvider.java:137)
	at org.apache.maven.surefire.booter.ForkedBooter.runSuitesInProcess(ForkedBooter.java:385)
	at org.apache.maven.surefire.booter.ForkedBooter.execute(ForkedBooter.java:162)
	at org.apache.maven.surefire.booter.ForkedBooter.run(ForkedBooter.java:507)
	at org.apache.maven.surefire.booter.ForkedBooter.main(ForkedBooter.java:495)
</pre></div></td>
<td>1</td>
<td>com.example.testclasses.UserClass@4d5650ae</td></tr>
<tr>
<td title='com.example.testclasses.UserClass.uploadReference_Obj()'><b>uploadReference_Obj</b><br>Test class: com.example.testclasses.UserClass</td>
<td><div><pre>org.json.JSONException: JSONObject[&quot;data&quot;] not found.
	at org.json.JSONObject.get(JSONObject.java:595)
	at org.json.JSONObject.getJSONObject(JSONObject.java:805)
	at com.example.testclasses.UserClass.uploadReference_Obj(UserClass.java:583)
	at java.base/java.util.ArrayList.forEach(ArrayList.java:1511)
... Removed 32 stack frames</pre></div><a href='#' onClick='toggleBox("stack-trace1597751577", this, "Click to show all stack frames", "Click to hide stack frames")'>Click to show all stack frames</a>
<div class='stack-trace' id='stack-trace1597751577'><pre>org.json.JSONException: JSONObject[&quot;data&quot;] not found.
	at org.json.JSONObject.get(JSONObject.java:595)
	at org.json.JSONObject.getJSONObject(JSONObject.java:805)
	at com.example.testclasses.UserClass.uploadReference_Obj(UserClass.java:583)
	at java.base/jdk.internal.reflect.NativeMethodAccessorImpl.invoke0(Native Method)
	at java.base/jdk.internal.reflect.NativeMethodAccessorImpl.invoke(NativeMethodAccessorImpl.java:77)
	at java.base/jdk.internal.reflect.DelegatingMethodAccessorImpl.invoke(DelegatingMethodAccessorImpl.java:43)
	at java.base/java.lang.reflect.Method.invoke(Method.java:568)
	at org.testng.internal.invokers.MethodInvocationHelper.invokeMethod(MethodInvocationHelper.java:139)
	at org.testng.internal.invokers.TestInvoker.invokeMethod(TestInvoker.java:664)
	at org.testng.internal.invokers.TestInvoker.invokeTestMethod(TestInvoker.java:228)
	at org.testng.internal.invokers.MethodRunner.runInSequence(MethodRunner.java:63)
	at org.testng.internal.invokers.TestInvoker$MethodInvocationAgent.invoke(TestInvoker.java:961)
	at org.testng.internal.invokers.TestInvoker.invokeTestMethods(TestInvoker.java:201)
	at org.testng.internal.invokers.TestMethodWorker.invokeTestMethods(TestMethodWorker.java:148)
	at org.testng.internal.invokers.TestMethodWorker.run(TestMethodWorker.java:128)
	at java.base/java.util.ArrayList.forEach(ArrayList.java:1511)
	at org.testng.TestRunner.privateRun(TestRunner.java:819)
	at org.testng.TestRunner.run(TestRunner.java:619)
	at org.testng.SuiteRunner.runTest(SuiteRunner.java:443)
	at org.testng.SuiteRunner.runSequentially(SuiteRunner.java:437)
	at org.testng.SuiteRunner.privateRun(SuiteRunner.java:397)
	at org.testng.SuiteRunner.run(SuiteRunner.java:336)
	at org.testng.SuiteRunnerWorker.runSuite(SuiteRunnerWorker.java:52)
	at org.testng.SuiteRunnerWorker.run(SuiteRunnerWorker.java:95)
	at org.testng.TestNG.runSuitesSequentially(TestNG.java:1301)
	at org.testng.TestNG.runSuitesLocally(TestNG.java:1228)
	at org.testng.TestNG.runSuites(TestNG.java:1134)
	at org.testng.TestNG.run(TestNG.java:1101)
	at org.apache.maven.surefire.testng.TestNGExecutor.run(TestNGExecutor.java:155)
	at org.apache.maven.surefire.testng.TestNGDirectoryTestSuite.executeSingleClass(TestNGDirectoryTestSuite.java:102)
	at org.apache.maven.surefire.testng.TestNGDirectoryTestSuite.execute(TestNGDirectoryTestSuite.java:91)
	at org.apache.maven.surefire.testng.TestNGProvider.invoke(TestNGProvider.java:137)
	at org.apache.maven.surefire.booter.ForkedBooter.runSuitesInProcess(ForkedBooter.java:385)
	at org.apache.maven.surefire.booter.ForkedBooter.execute(ForkedBooter.java:162)
	at org.apache.maven.surefire.booter.ForkedBooter.run(ForkedBooter.java:507)
	at org.apache.maven.surefire.booter.ForkedBooter.main(ForkedBooter.java:495)
</pre></div></td>
<td>3</td>
<td>com.example.testclasses.UserClass@4d5650ae</td></tr>
<tr>
<td title='com.example.testclasses.UserClass.getReferenceObjById()'><b>getReferenceObjById</b><br>Test class: com.example.testclasses.UserClass</td>
<td><div><pre>org.json.JSONException: JSONObject[&quot;data&quot;] not found.
	at org.json.JSONObject.get(JSONObject.java:595)
	at org.json.JSONObject.getJSONObject(JSONObject.java:805)
	at com.example.testclasses.UserClass.getReferenceObjById(UserClass.java:622)
	at java.base/java.util.ArrayList.forEach(ArrayList.java:1511)
... Removed 32 stack frames</pre></div><a href='#' onClick='toggleBox("stack-trace2100829870", this, "Click to show all stack frames", "Click to hide stack frames")'>Click to show all stack frames</a>
<div class='stack-trace' id='stack-trace2100829870'><pre>org.json.JSONException: JSONObject[&quot;data&quot;] not found.
	at org.json.JSONObject.get(JSONObject.java:595)
	at org.json.JSONObject.getJSONObject(JSONObject.java:805)
	at com.example.testclasses.UserClass.getReferenceObjById(UserClass.java:622)
	at java.base/jdk.internal.reflect.NativeMethodAccessorImpl.invoke0(Native Method)
	at java.base/jdk.internal.reflect.NativeMethodAccessorImpl.invoke(NativeMethodAccessorImpl.java:77)
	at java.base/jdk.internal.reflect.DelegatingMethodAccessorImpl.invoke(DelegatingMethodAccessorImpl.java:43)
	at java.base/java.lang.reflect.Method.invoke(Method.java:568)
	at org.testng.internal.invokers.MethodInvocationHelper.invokeMethod(MethodInvocationHelper.java:139)
	at org.testng.internal.invokers.TestInvoker.invokeMethod(TestInvoker.java:664)
	at org.testng.internal.invokers.TestInvoker.invokeTestMethod(TestInvoker.java:228)
	at org.testng.internal.invokers.MethodRunner.runInSequence(MethodRunner.java:63)
	at org.testng.internal.invokers.TestInvoker$MethodInvocationAgent.invoke(TestInvoker.java:961)
	at org.testng.internal.invokers.TestInvoker.invokeTestMethods(TestInvoker.java:201)
	at org.testng.internal.invokers.TestMethodWorker.invokeTestMethods(TestMethodWorker.java:148)
	at org.testng.internal.invokers.TestMethodWorker.run(TestMethodWorker.java:128)
	at java.base/java.util.ArrayList.forEach(ArrayList.java:1511)
	at org.testng.TestRunner.privateRun(TestRunner.java:819)
	at org.testng.TestRunner.run(TestRunner.java:619)
	at org.testng.SuiteRunner.runTest(SuiteRunner.java:443)
	at org.testng.SuiteRunner.runSequentially(SuiteRunner.java:437)
	at org.testng.SuiteRunner.privateRun(SuiteRunner.java:397)
	at org.testng.SuiteRunner.run(SuiteRunner.java:336)
	at org.testng.SuiteRunnerWorker.runSuite(SuiteRunnerWorker.java:52)
	at org.testng.SuiteRunnerWorker.run(SuiteRunnerWorker.java:95)
	at org.testng.TestNG.runSuitesSequentially(TestNG.java:1301)
	at org.testng.TestNG.runSuitesLocally(TestNG.java:1228)
	at org.testng.TestNG.runSuites(TestNG.java:1134)
	at org.testng.TestNG.run(TestNG.java:1101)
	at org.apache.maven.surefire.testng.TestNGExecutor.run(TestNGExecutor.java:155)
	at org.apache.maven.surefire.testng.TestNGDirectoryTestSuite.executeSingleClass(TestNGDirectoryTestSuite.java:102)
	at org.apache.maven.surefire.testng.TestNGDirectoryTestSuite.execute(TestNGDirectoryTestSuite.java:91)
	at org.apache.maven.surefire.testng.TestNGProvider.invoke(TestNGProvider.java:137)
	at org.apache.maven.surefire.booter.ForkedBooter.runSuitesInProcess(ForkedBooter.java:385)
	at org.apache.maven.surefire.booter.ForkedBooter.execute(ForkedBooter.java:162)
	at org.apache.maven.surefire.booter.ForkedBooter.run(ForkedBooter.java:507)
	at org.apache.maven.surefire.booter.ForkedBooter.main(ForkedBooter.java:495)
</pre></div></td>
<td>4</td>
<td>com.example.testclasses.UserClass@4d5650ae</td></tr>
<tr>
<td title='com.example.testclasses.UserClass.updateUserByUserIdWithInvalidEmail()'><b>updateUserByUserIdWithInvalidEmail</b><br>Test class: com.example.testclasses.UserClass</td>
<td><div><pre>java.lang.AssertionError: 
Expected: &quot;TestUser.exactink@Example.com&quot;
     but: was &quot;testuser.exactink@example.com&quot;
	at org.hamcrest.MatcherAssert.assertThat(MatcherAssert.java:20)
	at org.hamcrest.MatcherAssert.assertThat(MatcherAssert.java:6)
	at com.example.testclasses.UserClass.updateUserByUserIdWithInvalidEmail(UserClass.java:339)
	at java.base/java.util.ArrayList.forEach(ArrayList.java:1511)
... Removed 32 stack frames</pre></div><a href='#' onClick='toggleBox("stack-trace852736357", this, "Click to show all stack frames", "Click to hide stack frames")'>Click to show all stack frames</a>
<div class='stack-trace' id='stack-trace852736357'><pre>java.lang.AssertionError: 
Expected: &quot;TestUser.exactink@Example.com&quot;
     but: was &quot;testuser.exactink@example.com&quot;
	at org.hamcrest.MatcherAssert.assertThat(MatcherAssert.java:20)
	at org.hamcrest.MatcherAssert.assertThat(MatcherAssert.java:6)
	at com.example.testclasses.UserClass.updateUserByUserIdWithInvalidEmail(UserClass.java:339)
	at java.base/jdk.internal.reflect.NativeMethodAccessorImpl.invoke0(Native Method)
	at java.base/jdk.internal.reflect.NativeMethodAccessorImpl.invoke(NativeMethodAccessorImpl.java:77)
	at java.base/jdk.internal.reflect.DelegatingMethodAccessorImpl.invoke(DelegatingMethodAccessorImpl.java:43)
	at java.base/java.lang.reflect.Method.invoke(Method.java:568)
	at org.testng.internal.invokers.MethodInvocationHelper.invokeMethod(MethodInvocationHelper.java:139)
	at org.testng.internal.invokers.TestInvoker.invokeMethod(TestInvoker.java:664)
	at org.testng.internal.invokers.TestInvoker.invokeTestMethod(TestInvoker.java:228)
	at org.testng.internal.invokers.MethodRunner.runInSequence(MethodRunner.java:63)
	at org.testng.internal.invokers.TestInvoker$MethodInvocationAgent.invoke(TestInvoker.java:961)
	at org.testng.internal.invokers.TestInvoker.invokeTestMethods(TestInvoker.java:201)
	at org.testng.internal.invokers.TestMethodWorker.invokeTestMethods(TestMethodWorker.java:148)
	at org.testng.internal.invokers.TestMethodWorker.run(TestMethodWorker.java:128)
	at java.base/java.util.ArrayList.forEach(ArrayList.java:1511)
	at org.testng.TestRunner.privateRun(TestRunner.java:819)
	at org.testng.TestRunner.run(TestRunner.java:619)
	at org.testng.SuiteRunner.runTest(SuiteRunner.java:443)
	at org.testng.SuiteRunner.runSequentially(SuiteRunner.java:437)
	at org.testng.SuiteRunner.privateRun(SuiteRunner.java:397)
	at org.testng.SuiteRunner.run(SuiteRunner.java:336)
	at org.testng.SuiteRunnerWorker.runSuite(SuiteRunnerWorker.java:52)
	at org.testng.SuiteRunnerWorker.run(SuiteRunnerWorker.java:95)
	at org.testng.TestNG.runSuitesSequentially(TestNG.java:1301)
	at org.testng.TestNG.runSuitesLocally(TestNG.java:1228)
	at org.testng.TestNG.runSuites(TestNG.java:1134)
	at org.testng.TestNG.run(TestNG.java:1101)
	at org.apache.maven.surefire.testng.TestNGExecutor.run(TestNGExecutor.java:155)
	at org.apache.maven.surefire.testng.TestNGDirectoryTestSuite.executeSingleClass(TestNGDirectoryTestSuite.java:102)
	at org.apache.maven.surefire.testng.TestNGDirectoryTestSuite.execute(TestNGDirectoryTestSuite.java:91)
	at org.apache.maven.surefire.testng.TestNGProvider.invoke(TestNGProvider.java:137)
	at org.apache.maven.surefire.booter.ForkedBooter.runSuitesInProcess(ForkedBooter.java:385)
	at org.apache.maven.surefire.booter.ForkedBooter.execute(ForkedBooter.java:162)
	at org.apache.maven.surefire.booter.ForkedBooter.run(ForkedBooter.java:507)
	at org.apache.maven.surefire.booter.ForkedBooter.main(ForkedBooter.java:495)
</pre></div></td>
<td>1</td>
<td>com.example.testclasses.UserClass@4d5650ae</td></tr>
<tr>
<td title='com.example.testclasses.UserClass.deleteUserByIdWithValidDetails()'><b>deleteUserByIdWithValidDetails</b><br>Test class: com.example.testclasses.UserClass</td>
<td><div><pre>java.lang.AssertionError: Status code not 200
Expected: &lt;200&gt;
     but: was &lt;404&gt;
	at org.hamcrest.MatcherAssert.assertThat(MatcherAssert.java:20)
	at com.example.testclasses.UserClass.deleteUserByIdWithValidDetails(UserClass.java:546)
	at java.base/java.util.ArrayList.forEach(ArrayList.java:1511)
... Removed 32 stack frames</pre></div><a href='#' onClick='toggleBox("stack-trace1586365091", this, "Click to show all stack frames", "Click to hide stack frames")'>Click to show all stack frames</a>
<div class='stack-trace' id='stack-trace1586365091'><pre>java.lang.AssertionError: Status code not 200
Expected: &lt;200&gt;
     but: was &lt;404&gt;
	at org.hamcrest.MatcherAssert.assertThat(MatcherAssert.java:20)
	at com.example.testclasses.UserClass.deleteUserByIdWithValidDetails(UserClass.java:546)
	at java.base/jdk.internal.reflect.NativeMethodAccessorImpl.invoke0(Native Method)
	at java.base/jdk.internal.reflect.NativeMethodAccessorImpl.invoke(NativeMethodAccessorImpl.java:77)
	at java.base/jdk.internal.reflect.DelegatingMethodAccessorImpl.invoke(DelegatingMethodAccessorImpl.java:43)
	at java.base/java.lang.reflect.Method.invoke(Method.java:568)
	at org.testng.internal.invokers.MethodInvocationHelper.invokeMethod(MethodInvocationHelper.java:139)
	at org.testng.internal.invokers.TestInvoker.invokeMethod(TestInvoker.java:664)
	at org.testng.internal.invokers.TestInvoker.invokeTestMethod(TestInvoker.java:228)
	at org.testng.internal.invokers.MethodRunner.runInSequence(MethodRunner.java:63)
	at org.testng.internal.invokers.TestInvoker$MethodInvocationAgent.invoke(TestInvoker.java:961)
	at org.testng.internal.invokers.TestInvoker.invokeTestMethods(TestInvoker.java:201)
	at org.testng.internal.invokers.TestMethodWorker.invokeTestMethods(TestMethodWorker.java:148)
	at org.testng.internal.invokers.TestMethodWorker.run(TestMethodWorker.java:128)
	at java.base/java.util.ArrayList.forEach(ArrayList.java:1511)
	at org.testng.TestRunner.privateRun(TestRunner.java:819)
	at org.testng.TestRunner.run(TestRunner.java:619)
	at org.testng.SuiteRunner.runTest(SuiteRunner.java:443)
	at org.testng.SuiteRunner.runSequentially(SuiteRunner.java:437)
	at org.testng.SuiteRunner.privateRun(SuiteRunner.java:397)
	at org.testng.SuiteRunner.run(SuiteRunner.java:336)
	at org.testng.SuiteRunnerWorker.runSuite(SuiteRunnerWorker.java:52)
	at org.testng.SuiteRunnerWorker.run(SuiteRunnerWorker.java:95)
	at org.testng.TestNG.runSuitesSequentially(TestNG.java:1301)
	at org.testng.TestNG.runSuitesLocally(TestNG.java:1228)
	at org.testng.TestNG.runSuites(TestNG.java:1134)
	at org.testng.TestNG.run(TestNG.java:1101)
	at org.apache.maven.surefire.testng.TestNGExecutor.run(TestNGExecutor.java:155)
	at org.apache.maven.surefire.testng.TestNGDirectoryTestSuite.executeSingleClass(TestNGDirectoryTestSuite.java:102)
	at org.apache.maven.surefire.testng.TestNGDirectoryTestSuite.execute(TestNGDirectoryTestSuite.java:91)
	at org.apache.maven.surefire.testng.TestNGProvider.invoke(TestNGProvider.java:137)
	at org.apache.maven.surefire.booter.ForkedBooter.runSuitesInProcess(ForkedBooter.java:385)
	at org.apache.maven.surefire.booter.ForkedBooter.execute(ForkedBooter.java:162)
	at org.apache.maven.surefire.booter.ForkedBooter.run(ForkedBooter.java:507)
	at org.apache.maven.surefire.booter.ForkedBooter.main(ForkedBooter.java:495)
</pre></div></td>
<td>2</td>
<td>com.example.testclasses.UserClass@4d5650ae</td></tr>
</table><p>
<table width='100%' border='1' class='invocation-passed'>
<tr><td colspan='4' align='center'><b>PASSED TESTS</b></td></tr>
<tr><td><b>Test method</b></td>
<td><b>Attribute(s)</b></td>
<td width="30%"><b>Exception</b></td>
<td width="10%"><b>Time (seconds)</b></td>
<td><b>Instance</b></td>
</tr>
<tr>
<td title='com.example.testclasses.UserClass.getUserByInvalidId()'><b>getUserByInvalidId</b><br>Test class: com.example.testclasses.UserClass</td>
<td></td>
<td>0</td>
<td>com.example.testclasses.UserClass@4d5650ae</td></tr>
<tr>
<td title='com.example.testclasses.UserClass.getFriendsByUserId()'><b>getFriendsByUserId</b><br>Test class: com.example.testclasses.UserClass</td>
<td></td>
<td>0</td>
<td>com.example.testclasses.UserClass@4d5650ae</td></tr>
<tr>
<td title='com.example.testclasses.UserClass.deleteUserByIdWithInvalidToken()'><b>deleteUserByIdWithInvalidToken</b><br>Test class: com.example.testclasses.UserClass</td>
<td></td>
<td>3</td>
<td>com.example.testclasses.UserClass@4d5650ae</td></tr>
<tr>
<td title='com.example.testclasses.UserClass.getAllUsers()'><b>getAllUsers</b><br>Test class: com.example.testclasses.UserClass</td>
<td></td>
<td>1</td>
<td>com.example.testclasses.UserClass@4d5650ae</td></tr>
<tr>
<td title='com.example.testclasses.UserClass.updateUserByUserIdWithInvalidUserId()'><b>updateUserByUserIdWithInvalidUserId</b><br>Test class: com.example.testclasses.UserClass</td>
<td></td>
<td>0</td>
<td>com.example.testclasses.UserClass@4d5650ae</td></tr>
<tr>
<td title='com.example.testclasses.UserClass.getCatchesByInvalidTokenAndInvalidId()'><b>getCatchesByInvalidTokenAndInvalidId</b><br>Test class: com.example.testclasses.UserClass</td>
<td></td>
<td>0</td>
<td>com.example.testclasses.UserClass@4d5650ae</td></tr>
<tr>
<td title='com.example.testclasses.UserClass.getAllUsersWithInvalidToken()'><b>getAllUsersWithInvalidToken</b><br>Test class: com.example.testclasses.UserClass</td>
<td></td>
<td>0</td>
<td>com.example.testclasses.UserClass@4d5650ae</td></tr>
<tr>
<td title='com.example.testclasses.UserClass.getFriendsByInvalidTokenAndInvalidId()'><b>getFriendsByInvalidTokenAndInvalidId</b><br>Test class: com.example.testclasses.UserClass</td>
<td></td>
<td>0</td>
<td>com.example.testclasses.UserClass@4d5650ae</td></tr>
<tr>
<td title='com.example.testclasses.UserClass.getUserByInvalidTokenAndInvalidId()'><b>getUserByInvalidTokenAndInvalidId</b><br>Test class: com.example.testclasses.UserClass</td>
<td></td>
<td>0</td>
<td>com.example.testclasses.UserClass@4d5650ae</td></tr>
<tr>
<td title='com.example.testclasses.UserClass.getUserById()'><b>getUserById</b><br>Test class: com.example.testclasses.UserClass</td>
<td></td>
<td>1</td>
<td>com.example.testclasses.UserClass@4d5650ae</td></tr>
<tr>
<td title='com.example.testclasses.UserClass.updateUserByUserIdWithInvalidTokenAndInvalidId()'><b>updateUserByUserIdWithInvalidTokenAndInvalidId</b><br>Test class: com.example.testclasses.UserClass</td>
<td></td>
<td>0</td>
<td>com.example.testclasses.UserClass@4d5650ae</td></tr>
<tr>
<td title='com.example.testclasses.UserClass.updateUserWithEmojiInFirstAndLastName()'><b>updateUserWithEmojiInFirstAndLastName</b><br>Test class: com.example.testclasses.UserClass</td>
<td></td>
<td>1</td>
<td>com.example.testclasses.UserClass@4d5650ae</td></tr>
<tr>
<td title='com.example.testclasses.UserClass.getUserByInvalidToken()'><b>getUserByInvalidToken</b><br>Test class: com.example.testclasses.UserClass</td>
<td></td>
<td>0</td>
<td>com.example.testclasses.UserClass@4d5650ae</td></tr>
<tr>
<td title='com.example.testclasses.UserClass.getCatchesByInvalidId()'><b>getCatchesByInvalidId</b><br>Test class: com.example.testclasses.UserClass</td>
<td></td>
<td>0</td>
<td>com.example.testclasses.UserClass@4d5650ae</td></tr>
<tr>
<td title='com.example.testclasses.UserClass.getFriendsByInvalidToken()'><b>getFriendsByInvalidToken</b><br>Test class: com.example.testclasses.UserClass</td>
<td></td>
<td>0</td>
<td>com.example.testclasses.UserClass@4d5650ae</td></tr>
<tr>
<td title='com.example.testclasses.UserClass.testUserLogin()'><b>testUserLogin</b><br>Test class: com.example.testclasses.UserClass</td>
<td></td>
<td>1</td>
<td>com.example.testclasses.UserClass@4d5650ae</td></tr>
<tr>
<td title='com.example.testclasses.UserClass.getReferenceObjByInvalidToken()'><b>getReferenceObjByInvalidToken</b><br>Test class: com.example.testclasses.UserClass</td>
<td></td>
<td>4</td>
<td>com.example.testclasses.UserClass@4d5650ae</td></tr>
<tr>
<td title='com.example.testclasses.UserClass.uploadReference_ObjWithInvalidToken()'><b>uploadReference_ObjWithInvalidToken</b><br>Test class: com.example.testclasses.UserClass</td>
<td></td>
<td>3</td>
<td>com.example.testclasses.UserClass@4d5650ae</td></tr>
<tr>
<td title='com.example.testclasses.UserClass.deleteUserByIdWithInvalidId()'><b>deleteUserByIdWithInvalidId</b><br>Test class: com.example.testclasses.UserClass</td>
<td></td>
<td>0</td>
<td>com.example.testclasses.UserClass@4d5650ae</td></tr>
<tr>
<td title='com.example.testclasses.UserClass.getCatchesByUserId()'><b>getCatchesByUserId</b><br>Test class: com.example.testclasses.UserClass</td>
<td></td>
<td>0</td>
<td>com.example.testclasses.UserClass@4d5650ae</td></tr>
<tr>
<td title='com.example.testclasses.UserClass.getReferenceObjByInvalidTokenAndId()'><b>getReferenceObjByInvalidTokenAndId</b><br>Test class: com.example.testclasses.UserClass</td>
<td></td>
<td>0</td>
<td>com.example.testclasses.UserClass@4d5650ae</td></tr>
<tr>
<td title='com.example.testclasses.UserClass.getCatchesByInvalidToken()'><b>getCatchesByInvalidToken</b><br>Test class: com.example.testclasses.UserClass</td>
<td></td>
<td>0</td>
<td>com.example.testclasses.UserClass@4d5650ae</td></tr>
<tr>
<td title='com.example.testclasses.UserClass.getFriendsByInvalidId()'><b>getFriendsByInvalidId</b><br>Test class: com.example.testclasses.UserClass</td>
<td></td>
<td>0</td>
<td>com.example.testclasses.UserClass@4d5650ae</td></tr>
<tr>
<td title='com.example.testclasses.UserClass.updateUserByUserIdWithInvalidToken()'><b>updateUserByUserIdWithInvalidToken</b><br>Test class: com.example.testclasses.UserClass</td>
<td></td>
<td>0</td>
<td>com.example.testclasses.UserClass@4d5650ae</td></tr>
<tr>
<td title='com.example.testclasses.UserClass.updateUserWithOnlyRequiredField()'><b>updateUserWithOnlyRequiredField</b><br>Test class: com.example.testclasses.UserClass</td>
<td></td>
<td>2</td>
<td>com.example.testclasses.UserClass@4d5650ae</td></tr>
<tr>
<td title='com.example.testclasses.UserClass.deleteUserByIdWithInvalidIdAndToken()'><b>deleteUserByIdWithInvalidIdAndToken</b><br>Test class: com.example.testclasses.UserClass</td>
<td></td>
<td>0</td>
<td>com.example.testclasses.UserClass@4d5650ae</td></tr>
<tr>
<td title='com.example.testclasses.UserClass.getReferenceObjByInvalidId()'><b>getReferenceObjByInvalidId</b><br>Test class: com.example.testclasses.UserClass</td>
<td></td>
<td>0</td>
<td>com.example.testclasses.UserClass@4d5650ae</td></tr>
</table><p>
</body>
</html>